[INFO ] 2019-03-18 14:43:37.820 [l-1-worker-9] status   - Configuration loading has started from file: E:\home\alexander\Development\Web\lomout\config\config.conf.kts
[INFO ] 2019-03-18 14:43:52.667 [l-1-worker-9] status   - Configuration loading has finished
[INFO ] 2019-03-18 14:43:52.669 [l-1-worker-9] status   - Database has stated to check and init
[INFO ] 2019-03-18 14:43:52.961 [l-1-worker-9] status   - DB dialect: mysql
[INFO ] 2019-03-18 14:43:53.430 [l-1-worker-9] status   - Database has finished to check and init
[INFO ] 2019-03-18 14:43:53.440 [coroutine#14] status   - Data loading has started
[DEBUG] 2019-03-18 14:43:53.453 [coroutine#15] loader   - Start loading file<onec-data>
[DEBUG] 2019-03-18 14:43:53.455 [coroutine#16] loader   - Start loading file<mage-product>
[DEBUG] 2019-03-18 14:43:53.455 [coroutine#17] loader   - Start loading file<mage-category>
[DEBUG] 2019-03-18 14:43:53.456 [coroutine#16] loader   - Start loading sheet<default> from file<mage-product>
[DEBUG] 2019-03-18 14:43:53.455 [coroutine#18] loader   - Start loading file<mage-customer-group>
[DEBUG] 2019-03-18 14:43:53.456 [coroutine#17] loader   - Start loading sheet<default> from file<mage-category>
[DEBUG] 2019-03-18 14:43:53.457 [coroutine#21] loader   - Start loading file<onec-extended-info>
[DEBUG] 2019-03-18 14:43:53.458 [coroutine#18] loader   - Start loading sheet<default> from file<mage-customer-group>
[DEBUG] 2019-03-18 14:43:53.457 [coroutine#20] loader   - Start loading file<mage-stock-source>
[DEBUG] 2019-03-18 14:43:53.457 [coroutine#19] loader   - Start loading file<mage-adv-price>
[DEBUG] 2019-03-18 14:43:53.466 [coroutine#20] loader   - Start loading sheet<default> from file<mage-stock-source>
[DEBUG] 2019-03-18 14:43:53.467 [coroutine#19] loader   - Start loading sheet<default> from file<mage-adv-price>
[DEBUG] 2019-03-18 14:43:53.485 [coroutine#21] loader   - Start loading sheet<group-ext-info> from file<onec-extended-info>
[DEBUG] 2019-03-18 14:43:53.924 [coroutine#19] loader   - Finish loading sheet<default> from file<mage-adv-price>
[DEBUG] 2019-03-18 14:43:53.924 [coroutine#19] loader   - Finish loading file<mage-adv-price>
[DEBUG] 2019-03-18 14:43:53.949 [coroutine#18] loader   - Finish loading sheet<default> from file<mage-customer-group>
[DEBUG] 2019-03-18 14:43:53.949 [coroutine#18] loader   - Finish loading file<mage-customer-group>
[DEBUG] 2019-03-18 14:43:54.023 [coroutine#20] loader   - Finish loading sheet<default> from file<mage-stock-source>
[DEBUG] 2019-03-18 14:43:54.024 [coroutine#20] loader   - Finish loading file<mage-stock-source>
[DEBUG] 2019-03-18 14:43:54.199 [coroutine#15] loader   - Start loading sheet<Group> from file<onec-data>
[DEBUG] 2019-03-18 14:43:54.373 [coroutine#16] loader   - Finish loading sheet<default> from file<mage-product>
[DEBUG] 2019-03-18 14:43:54.374 [coroutine#16] loader   - Finish loading file<mage-product>
[DEBUG] 2019-03-18 14:43:56.818 [coroutine#21] loader   - Finish loading sheet<group-ext-info> from file<onec-extended-info>
[DEBUG] 2019-03-18 14:43:56.819 [coroutine#21] loader   - Finish loading file<onec-extended-info>
[DEBUG] 2019-03-18 14:43:56.966 [coroutine#15] loader   - Finish loading sheet<Group> from file<onec-data>
[DEBUG] 2019-03-18 14:43:57.062 [coroutine#17] loader   - Finish loading sheet<default> from file<mage-category>
[DEBUG] 2019-03-18 14:43:57.062 [coroutine#17] loader   - Finish loading file<mage-category>
[DEBUG] 2019-03-18 14:43:57.109 [coroutine#15] loader   - Start loading sheet<GroupSiteX> from file<onec-data>
[DEBUG] 2019-03-18 14:43:59.022 [coroutine#15] loader   - Finish loading sheet<GroupSiteX> from file<onec-data>
[DEBUG] 2019-03-18 14:43:59.148 [coroutine#15] loader   - Start loading sheet<stock> from file<onec-data>
[DEBUG] 2019-03-18 14:43:59.735 [coroutine#15] loader   - Finish loading sheet<stock> from file<onec-data>
[DEBUG] 2019-03-18 14:43:59.736 [coroutine#15] loader   - Finish loading file<onec-data>
[INFO ] 2019-03-18 14:43:59.742 [coroutine#14] status   - Data loading has finished, duration: 6.3s, rows: 649
[INFO ] 2019-03-18 14:43:59.855 [l-1-worker-9] status   - Configuration loading has started from file: E:\home\alexander\Development\Web\lomout\testdata\test.conf.kts
[INFO ] 2019-03-18 14:44:01.025 [l-1-worker-9] status   - Configuration loading has finished
[INFO ] 2019-03-18 14:44:01.026 [l-1-worker-9] status   - Database has stated to check and init
[INFO ] 2019-03-18 14:44:01.032 [l-1-worker-9] status   - DB dialect: mysql
[INFO ] 2019-03-18 14:44:01.044 [l-1-worker-9] status   - Database has finished to check and init
[INFO ] 2019-03-18 14:44:01.909 [l-1-worker-9] status   - Database has stated to check and init
[INFO ] 2019-03-18 14:44:01.911 [l-1-worker-9] status   - DB dialect: mysql
[INFO ] 2019-03-18 14:44:01.916 [l-1-worker-9] status   - Database has finished to check and init
[INFO ] 2019-03-18 14:44:02.089 [coroutine#25] status   - Data loading has started
[DEBUG] 2019-03-18 14:44:02.090 [coroutine#26] loader   - Start loading file<test-data>
[DEBUG] 2019-03-18 14:44:02.092 [coroutine#26] loader   - Start loading sheet<default> from file<test-data>
[INFO ] 2019-03-18 14:44:02.181 [coroutine#26] loader   - Workbook processing is stopped according configuration(entity-loader-add-test.csv:default:5)
[DEBUG] 2019-03-18 14:44:02.188 [coroutine#26] loader   - Finish loading sheet<default> from file<test-data>
[DEBUG] 2019-03-18 14:44:02.188 [coroutine#26] loader   - Finish loading file<test-data>
[INFO ] 2019-03-18 14:44:02.189 [coroutine#25] status   - Data loading has finished, duration: 0.1s, rows: 654
[INFO ] 2019-03-18 14:44:02.220 [l-1-worker-9] status   - Database has stated to check and init
[INFO ] 2019-03-18 14:44:02.222 [l-1-worker-9] status   - DB dialect: mysql
[INFO ] 2019-03-18 14:44:02.226 [l-1-worker-9] status   - Database has finished to check and init
[INFO ] 2019-03-18 14:44:02.251 [coroutine#27] status   - Data loading has started
[DEBUG] 2019-03-18 14:44:02.252 [coroutine#28] loader   - Start loading file<test-data>
[DEBUG] 2019-03-18 14:44:02.253 [coroutine#28] loader   - Start loading sheet<default> from file<test-data>
[ERROR] 2019-03-18 14:44:02.258 [coroutine#28] loader   - Field<data> does not match required regular expression(entity-loader-add-test.csv:default:2)
[ERROR] 2019-03-18 14:44:02.259 [coroutine#28] loader   - Field<data> does not match required regular expression(entity-loader-add-test.csv:default:3)
[ERROR] 2019-03-18 14:44:02.260 [coroutine#28] loader   - Field<data> does not match required regular expression(entity-loader-add-test.csv:default:4)
[INFO ] 2019-03-18 14:44:02.260 [coroutine#28] loader   - Workbook processing is stopped according configuration(entity-loader-add-test.csv:default:5)
[DEBUG] 2019-03-18 14:44:02.269 [coroutine#28] loader   - Finish loading sheet<default> from file<test-data>
[DEBUG] 2019-03-18 14:44:02.269 [coroutine#28] loader   - Finish loading file<test-data>
[INFO ] 2019-03-18 14:44:02.269 [coroutine#27] status   - Data loading has finished, duration: 0.018s, rows: 659
[INFO ] 2019-03-18 14:44:02.290 [l-1-worker-9] status   - Database has stated to check and init
[INFO ] 2019-03-18 14:44:02.292 [l-1-worker-9] status   - DB dialect: mysql
[INFO ] 2019-03-18 14:44:02.296 [l-1-worker-9] status   - Database has finished to check and init
[INFO ] 2019-03-18 14:44:02.299 [coroutine#29] status   - Data loading has started
[DEBUG] 2019-03-18 14:44:02.300 [coroutine#30] loader   - Start loading file<test-data>
[DEBUG] 2019-03-18 14:44:02.300 [coroutine#30] loader   - Start loading sheet<default> from file<test-data>
[ERROR] 2019-03-18 14:44:02.303 [coroutine#30] loader   - There is no requested cell<3> in row(entity-loader-add-test.csv:default:2)
[ERROR] 2019-03-18 14:44:02.303 [coroutine#30] loader   - There is no requested cell<3> in row(entity-loader-add-test.csv:default:3)
[ERROR] 2019-03-18 14:44:02.303 [coroutine#30] loader   - There is no requested cell<3> in row(entity-loader-add-test.csv:default:4)
[INFO ] 2019-03-18 14:44:02.304 [coroutine#30] loader   - Workbook processing is stopped according configuration(entity-loader-add-test.csv:default:5)
[DEBUG] 2019-03-18 14:44:02.309 [coroutine#30] loader   - Finish loading sheet<default> from file<test-data>
[DEBUG] 2019-03-18 14:44:02.310 [coroutine#30] loader   - Finish loading file<test-data>
[INFO ] 2019-03-18 14:44:02.310 [coroutine#29] status   - Data loading has finished, duration: 0.011s, rows: 664
[INFO ] 2019-03-18 14:44:02.323 [l-1-worker-9] status   - Database has stated to check and init
[INFO ] 2019-03-18 14:44:02.325 [l-1-worker-9] status   - DB dialect: mysql
[INFO ] 2019-03-18 14:44:02.328 [l-1-worker-9] status   - Database has finished to check and init
[INFO ] 2019-03-18 14:44:02.332 [coroutine#31] status   - Data loading has started
[DEBUG] 2019-03-18 14:44:02.333 [coroutine#32] loader   - Start loading file<test-data>
[DEBUG] 2019-03-18 14:44:02.333 [coroutine#32] loader   - Start loading sheet<default> from file<test-data>
[ERROR] 2019-03-18 14:44:02.352 [coroutine#32] loader   - Attribute<key> is key but has no value(entity-loader-add-test-blank-key.csv:default:4)
[INFO ] 2019-03-18 14:44:02.352 [coroutine#32] loader   - Workbook processing is stopped according configuration(entity-loader-add-test-blank-key.csv:default:5)
[DEBUG] 2019-03-18 14:44:02.359 [coroutine#32] loader   - Finish loading sheet<default> from file<test-data>
[DEBUG] 2019-03-18 14:44:02.359 [coroutine#32] loader   - Finish loading file<test-data>
[INFO ] 2019-03-18 14:44:02.360 [coroutine#31] status   - Data loading has finished, duration: 0.027s, rows: 669
[INFO ] 2019-03-18 14:44:02.378 [l-1-worker-9] status   - Database has stated to check and init
[INFO ] 2019-03-18 14:44:02.380 [l-1-worker-9] status   - DB dialect: mysql
[INFO ] 2019-03-18 14:44:02.384 [l-1-worker-9] status   - Database has finished to check and init
[INFO ] 2019-03-18 14:44:02.389 [coroutine#33] status   - Data loading has started
[DEBUG] 2019-03-18 14:44:02.390 [coroutine#34] loader   - Start loading file<test-data>
[DEBUG] 2019-03-18 14:44:02.391 [coroutine#34] loader   - Start loading sheet<default> from file<test-data>
[ERROR] 2019-03-18 14:44:02.394 [coroutine#34] loader   - / by zero(entity-loader-add-test.csv:default:2)
[ERROR] 2019-03-18 14:44:02.395 [coroutine#34] loader   - Internal error: / by zero
[TRACE] 2019-03-18 14:44:02.395 [coroutine#34] loader   - Thread: test-data @coroutine#34
[TRACE] 2019-03-18 14:44:02.395 [coroutine#34] loader   - Exception: 
java.lang.ArithmeticException: / by zero
	at net.pototskiy.apps.lomout.loader.EntityLoaderAddTest$createConfZeroDivision$1$2$2$1$2$1.invoke(EntityLoaderAddTest.kt:316) ~[test/:?]
	at net.pototskiy.apps.lomout.loader.EntityLoaderAddTest$createConfZeroDivision$1$2$2$1$2$1.invoke(EntityLoaderAddTest.kt:20) ~[test/:?]
	at net.pototskiy.apps.lomout.api.entity.AttributeReader.read(AttributeReader.kt:16) ~[lomout-api-1.0-SNAPSHOT.jar:?]
	at net.pototskiy.apps.lomout.loader.EntityLoader.getData(EntityLoader.kt:182) ~[main/:?]
	at net.pototskiy.apps.lomout.loader.EntityLoader.processRow(EntityLoader.kt:78) [main/:?]
	at net.pototskiy.apps.lomout.loader.EntityLoader.processRows(EntityLoader.kt:64) [main/:?]
	at net.pototskiy.apps.lomout.loader.EntityLoader.load(EntityLoader.kt:46) [main/:?]
	at net.pototskiy.apps.lomout.loader.DataLoader$load$1$invokeSuspend$$inlined$forEach$lambda$1.invokeSuspend(DataLoader.kt:49) [main/:?]
	at kotlin.coroutines.jvm.internal.BaseContinuationImpl.resumeWith(ContinuationImpl.kt:32) [kotlin-stdlib-1.3.21.jar:1.3.21-release-158 (1.3.21)]
	at kotlinx.coroutines.DispatchedTask.run(Dispatched.kt:236) [kotlin-compiler-1.3.21.jar:1.3.21-release-158 (1.3.21)]
	at java.util.concurrent.Executors$RunnableAdapter.call(Executors.java:511) [?:1.8.0_201]
	at java.util.concurrent.FutureTask.run(FutureTask.java:266) [?:1.8.0_201]
	at java.util.concurrent.ScheduledThreadPoolExecutor$ScheduledFutureTask.access$201(ScheduledThreadPoolExecutor.java:180) [?:1.8.0_201]
	at java.util.concurrent.ScheduledThreadPoolExecutor$ScheduledFutureTask.run(ScheduledThreadPoolExecutor.java:293) [?:1.8.0_201]
	at java.util.concurrent.ThreadPoolExecutor.runWorker(ThreadPoolExecutor.java:1149) [?:1.8.0_201]
	at java.util.concurrent.ThreadPoolExecutor$Worker.run(ThreadPoolExecutor.java:624) [?:1.8.0_201]
	at java.lang.Thread.run(Thread.java:748) [?:1.8.0_201]
[ERROR] 2019-03-18 14:44:02.403 [coroutine#34] loader   - / by zero(entity-loader-add-test.csv:default:3)
[ERROR] 2019-03-18 14:44:02.403 [coroutine#34] loader   - Internal error: / by zero
[TRACE] 2019-03-18 14:44:02.403 [coroutine#34] loader   - Thread: test-data @coroutine#34
[TRACE] 2019-03-18 14:44:02.403 [coroutine#34] loader   - Exception: 
java.lang.ArithmeticException: / by zero
	at net.pototskiy.apps.lomout.loader.EntityLoaderAddTest$createConfZeroDivision$1$2$2$1$2$1.invoke(EntityLoaderAddTest.kt:316) ~[test/:?]
	at net.pototskiy.apps.lomout.loader.EntityLoaderAddTest$createConfZeroDivision$1$2$2$1$2$1.invoke(EntityLoaderAddTest.kt:20) ~[test/:?]
	at net.pototskiy.apps.lomout.api.entity.AttributeReader.read(AttributeReader.kt:16) ~[lomout-api-1.0-SNAPSHOT.jar:?]
	at net.pototskiy.apps.lomout.loader.EntityLoader.getData(EntityLoader.kt:182) ~[main/:?]
	at net.pototskiy.apps.lomout.loader.EntityLoader.processRow(EntityLoader.kt:78) [main/:?]
	at net.pototskiy.apps.lomout.loader.EntityLoader.processRows(EntityLoader.kt:64) [main/:?]
	at net.pototskiy.apps.lomout.loader.EntityLoader.load(EntityLoader.kt:46) [main/:?]
	at net.pototskiy.apps.lomout.loader.DataLoader$load$1$invokeSuspend$$inlined$forEach$lambda$1.invokeSuspend(DataLoader.kt:49) [main/:?]
	at kotlin.coroutines.jvm.internal.BaseContinuationImpl.resumeWith(ContinuationImpl.kt:32) [kotlin-stdlib-1.3.21.jar:1.3.21-release-158 (1.3.21)]
	at kotlinx.coroutines.DispatchedTask.run(Dispatched.kt:236) [kotlin-compiler-1.3.21.jar:1.3.21-release-158 (1.3.21)]
	at java.util.concurrent.Executors$RunnableAdapter.call(Executors.java:511) [?:1.8.0_201]
	at java.util.concurrent.FutureTask.run(FutureTask.java:266) [?:1.8.0_201]
	at java.util.concurrent.ScheduledThreadPoolExecutor$ScheduledFutureTask.access$201(ScheduledThreadPoolExecutor.java:180) [?:1.8.0_201]
	at java.util.concurrent.ScheduledThreadPoolExecutor$ScheduledFutureTask.run(ScheduledThreadPoolExecutor.java:293) [?:1.8.0_201]
	at java.util.concurrent.ThreadPoolExecutor.runWorker(ThreadPoolExecutor.java:1149) [?:1.8.0_201]
	at java.util.concurrent.ThreadPoolExecutor$Worker.run(ThreadPoolExecutor.java:624) [?:1.8.0_201]
	at java.lang.Thread.run(Thread.java:748) [?:1.8.0_201]
[ERROR] 2019-03-18 14:44:02.404 [coroutine#34] loader   - / by zero(entity-loader-add-test.csv:default:4)
[ERROR] 2019-03-18 14:44:02.405 [coroutine#34] loader   - Internal error: / by zero
[TRACE] 2019-03-18 14:44:02.405 [coroutine#34] loader   - Thread: test-data @coroutine#34
[TRACE] 2019-03-18 14:44:02.405 [coroutine#34] loader   - Exception: 
java.lang.ArithmeticException: / by zero
	at net.pototskiy.apps.lomout.loader.EntityLoaderAddTest$createConfZeroDivision$1$2$2$1$2$1.invoke(EntityLoaderAddTest.kt:316) ~[test/:?]
	at net.pototskiy.apps.lomout.loader.EntityLoaderAddTest$createConfZeroDivision$1$2$2$1$2$1.invoke(EntityLoaderAddTest.kt:20) ~[test/:?]
	at net.pototskiy.apps.lomout.api.entity.AttributeReader.read(AttributeReader.kt:16) ~[lomout-api-1.0-SNAPSHOT.jar:?]
	at net.pototskiy.apps.lomout.loader.EntityLoader.getData(EntityLoader.kt:182) ~[main/:?]
	at net.pototskiy.apps.lomout.loader.EntityLoader.processRow(EntityLoader.kt:78) [main/:?]
	at net.pototskiy.apps.lomout.loader.EntityLoader.processRows(EntityLoader.kt:64) [main/:?]
	at net.pototskiy.apps.lomout.loader.EntityLoader.load(EntityLoader.kt:46) [main/:?]
	at net.pototskiy.apps.lomout.loader.DataLoader$load$1$invokeSuspend$$inlined$forEach$lambda$1.invokeSuspend(DataLoader.kt:49) [main/:?]
	at kotlin.coroutines.jvm.internal.BaseContinuationImpl.resumeWith(ContinuationImpl.kt:32) [kotlin-stdlib-1.3.21.jar:1.3.21-release-158 (1.3.21)]
	at kotlinx.coroutines.DispatchedTask.run(Dispatched.kt:236) [kotlin-compiler-1.3.21.jar:1.3.21-release-158 (1.3.21)]
	at java.util.concurrent.Executors$RunnableAdapter.call(Executors.java:511) [?:1.8.0_201]
	at java.util.concurrent.FutureTask.run(FutureTask.java:266) [?:1.8.0_201]
	at java.util.concurrent.ScheduledThreadPoolExecutor$ScheduledFutureTask.access$201(ScheduledThreadPoolExecutor.java:180) [?:1.8.0_201]
	at java.util.concurrent.ScheduledThreadPoolExecutor$ScheduledFutureTask.run(ScheduledThreadPoolExecutor.java:293) [?:1.8.0_201]
	at java.util.concurrent.ThreadPoolExecutor.runWorker(ThreadPoolExecutor.java:1149) [?:1.8.0_201]
	at java.util.concurrent.ThreadPoolExecutor$Worker.run(ThreadPoolExecutor.java:624) [?:1.8.0_201]
	at java.lang.Thread.run(Thread.java:748) [?:1.8.0_201]
[INFO ] 2019-03-18 14:44:02.406 [coroutine#34] loader   - Workbook processing is stopped according configuration(entity-loader-add-test.csv:default:5)
[DEBUG] 2019-03-18 14:44:02.414 [coroutine#34] loader   - Finish loading sheet<default> from file<test-data>
[DEBUG] 2019-03-18 14:44:02.414 [coroutine#34] loader   - Finish loading file<test-data>
[INFO ] 2019-03-18 14:44:02.415 [coroutine#33] status   - Data loading has finished, duration: 0.026s, rows: 674
[INFO ] 2019-03-18 14:44:02.427 [l-1-worker-9] status   - Database has stated to check and init
[INFO ] 2019-03-18 14:44:02.428 [l-1-worker-9] status   - DB dialect: mysql
[INFO ] 2019-03-18 14:44:02.432 [l-1-worker-9] status   - Database has finished to check and init
[INFO ] 2019-03-18 14:44:02.459 [coroutine#35] status   - Data loading has started
[DEBUG] 2019-03-18 14:44:02.460 [coroutine#36] loader   - Start loading file<test-data>
[DEBUG] 2019-03-18 14:44:02.460 [coroutine#36] loader   - Start loading sheet<default> from file<test-data>
[INFO ] 2019-03-18 14:44:02.492 [coroutine#36] loader   - Empty row is skipped according configuration(entity-loader-add-test.csv:default:5)
[INFO ] 2019-03-18 14:44:02.492 [coroutine#36] loader   - Empty row is skipped according configuration(entity-loader-add-test.csv:default:6)
[DEBUG] 2019-03-18 14:44:02.523 [coroutine#36] loader   - Finish loading sheet<default> from file<test-data>
[DEBUG] 2019-03-18 14:44:02.524 [coroutine#36] loader   - Finish loading file<test-data>
[INFO ] 2019-03-18 14:44:02.524 [coroutine#35] status   - Data loading has finished, duration: 0.065s, rows: 682
[INFO ] 2019-03-18 14:44:03.008 [l-1-worker-9] status   - Configuration loading has started from file: E:\home\alexander\Development\Web\lomout\testdata\test.conf.kts
[INFO ] 2019-03-18 14:44:03.896 [l-1-worker-9] status   - Configuration loading has finished
[INFO ] 2019-03-18 14:44:03.896 [l-1-worker-9] status   - Database has stated to check and init
[INFO ] 2019-03-18 14:44:03.899 [l-1-worker-9] status   - DB dialect: mysql
[INFO ] 2019-03-18 14:44:03.904 [l-1-worker-9] status   - Database has finished to check and init
[INFO ] 2019-03-18 14:44:09.599 [l-1-worker-9] status   - Database has stated to check and init
[INFO ] 2019-03-18 14:44:09.600 [l-1-worker-9] status   - DB dialect: mysql
[INFO ] 2019-03-18 14:44:09.604 [l-1-worker-9] status   - Database has finished to check and init
[INFO ] 2019-03-18 14:44:09.626 [coroutine#40] status   - Data loading has started
[INFO ] 2019-03-18 14:44:09.652 [coroutine#40] status   - Data loading has finished, duration: 0.026s, rows: 685
[INFO ] 2019-03-18 14:44:09.687 [l-1-worker-9] status   - Database has stated to check and init
[INFO ] 2019-03-18 14:44:09.689 [l-1-worker-9] status   - DB dialect: mysql
[INFO ] 2019-03-18 14:44:09.693 [l-1-worker-9] status   - Database has finished to check and init
[INFO ] 2019-03-18 14:44:09.698 [coroutine#42] status   - Data loading has started
[INFO ] 2019-03-18 14:44:09.780 [coroutine#42] status   - Data loading has finished, duration: 0.082s, rows: 695
[INFO ] 2019-03-18 14:44:09.783 [l-1-worker-9] status   - Data mediating has started
[DEBUG] 2019-03-18 14:44:09.784 [l-1-worker-9] printer  - Start creating entity<import-data>
[DEBUG] 2019-03-18 14:44:10.154 [l-1-worker-9] printer  - Finish creating entity<import-data>
[DEBUG] 2019-03-18 14:44:10.154 [l-1-worker-9] printer  - Start creating entity<import-data-union>
[DEBUG] 2019-03-18 14:44:10.259 [l-1-worker-9] printer  - Finish creating entity<import-data-union>
[INFO ] 2019-03-18 14:44:10.259 [l-1-worker-9] status   - Data mediating has finished, duration: 0.475s, rows: 8
[INFO ] 2019-03-18 14:44:10.377 [l-1-worker-9] status   - Database has stated to check and init
[INFO ] 2019-03-18 14:44:10.379 [l-1-worker-9] status   - DB dialect: mysql
[INFO ] 2019-03-18 14:44:10.382 [l-1-worker-9] status   - Database has finished to check and init
[INFO ] 2019-03-18 14:44:10.388 [coroutine#61] status   - Data loading has started
[DEBUG] 2019-03-18 14:44:10.388 [coroutine#62] loader   - Start loading file<test-data>
[DEBUG] 2019-03-18 14:44:10.390 [coroutine#62] loader   - Start loading sheet<entity1> from file<test-data>
[DEBUG] 2019-03-18 14:44:10.428 [coroutine#62] loader   - Finish loading sheet<entity1> from file<test-data>
[DEBUG] 2019-03-18 14:44:10.429 [coroutine#62] loader   - Start loading sheet<entity2> from file<test-data>
[DEBUG] 2019-03-18 14:44:10.475 [coroutine#62] loader   - Finish loading sheet<entity2> from file<test-data>
[DEBUG] 2019-03-18 14:44:10.475 [coroutine#62] loader   - Finish loading file<test-data>
[INFO ] 2019-03-18 14:44:10.476 [coroutine#61] status   - Data loading has finished, duration: 0.088s, rows: 705
[INFO ] 2019-03-18 14:44:10.478 [l-1-worker-9] status   - Data mediating has started
[DEBUG] 2019-03-18 14:44:10.478 [l-1-worker-9] printer  - Start creating entity<import-data>
[DEBUG] 2019-03-18 14:44:10.726 [l-1-worker-9] printer  - Finish creating entity<import-data>
[INFO ] 2019-03-18 14:44:10.727 [l-1-worker-9] status   - Data mediating has finished, duration: 0.249s, rows: 12
[INFO ] 2019-03-18 14:44:10.733 [l-1-worker-9] status   - Data printing has started
[DEBUG] 2019-03-18 14:44:10.733 [l-1-worker-9] printer  - Start printing file<printer-basic-test.xls>
[DEBUG] 2019-03-18 14:44:10.802 [l-1-worker-9] printer  - Finish printing file<printer-basic-test.xls>
[INFO ] 2019-03-18 14:44:10.803 [l-1-worker-9] status   - Data printing has finished, duration: 0.07s, rows: 8
